npm warn cleanup Failed to remove some directories [
npm warn cleanup   [
npm warn cleanup     '\\\\?\\C:\\Users\\HP\\OneDrive\\VS Code\\orbit-oms\\node_modules\\@sentry-internal\\browser-utils',
npm warn cleanup     [Error: EPERM: operation not permitted, rmdir 'C:\Users\HP\OneDrive\VS Code\orbit-oms\node_modules\@sentry-internal\browser-utils\build\cjs\metrics\web-vitals\lib'] {
npm warn cleanup       errno: -4048,
npm warn cleanup       code: 'EPERM',
npm warn cleanup       syscall: 'rmdir',
npm warn cleanup       path: 'C:\\Users\\HP\\OneDrive\\VS Code\\orbit-oms\\node_modules\\@sentry-internal\\browser-utils\\build\\cjs\\metrics\\web-vitals\\lib'
npm warn cleanup     }
npm warn cleanup   ],
npm warn cleanup   [
npm warn cleanup     '\\\\?\\C:\\Users\\HP\\OneDrive\\VS Code\\orbit-oms\\node_modules\\@sentry',
npm warn cleanup     [Error: EPERM: operation not permitted, rmdir 'C:\Users\HP\OneDrive\VS Code\orbit-oms\node_modules\@sentry\browser\build\npm\types'] {
npm warn cleanup       errno: -4048,
npm warn cleanup       code: 'EPERM',
npm warn cleanup       syscall: 'rmdir',
npm warn cleanup       path: 'C:\\Users\\HP\\OneDrive\\VS Code\\orbit-oms\\node_modules\\@sentry\\browser\\build\\npm\\types'
npm warn cleanup     }
npm warn cleanup   ]
npm warn cleanup ]
npm error code 1
npm error path C:\Users\HP\OneDrive\VS Code\orbit-oms\node_modules\@sentry\cli
npm error command failed
npm error command C:\Windows\system32\cmd.exe /d /s /c node ./scripts/install.js
npm error node:fs:440
npm error     return binding.readFileUtf8(path, stringToFlags(options.flag));
npm error                    ^
npm error
npm error Error: UNKNOWN: unknown error, read
npm error     at Object.readFileSync (node:fs:440:20)
npm error     at defaultLoadImpl (node:internal/modules/cjs/loader:1148:17)
npm error     at loadSource (node:internal/modules/cjs/loader:1838:20)
npm error     at Object..js (node:internal/modules/cjs/loader:1936:44)
npm error     at Module.load (node:internal/modules/cjs/loader:1533:32)
npm error     at Module._load (node:internal/modules/cjs/loader:1335:12)
npm error     at wrapModuleLoad (node:internal/modules/cjs/loader:255:19)
npm error     at Module.require (node:internal/modules/cjs/loader:1556:12)
npm error     at require (node:internal/modules/helpers:152:16)
npm error     at Object.<anonymous> (C:\Users\HP\OneDrive\VS Code\orbit-oms\node_modules\@sentry\cli\node_modules\https-proxy-agent\dist\agent.js:19:33) {
npm error   errno: -4094,
npm error   code: 'UNKNOWN',
npm error   syscall: 'read'
npm error }
npm error
npm error Node.js v24.14.0
npm error A complete log of this run can be found in: C:\Users\HP\AppData\Local\npm-cache\_logs\2026-04-01T10_18_29_458Z-debug-0.log
